[2016-11-22 03:31:08] my_logger.INFO: matthew endpoint [] []
[2016-11-22 03:46:08] my_logger.INFO: matthew endpoint [] []
[2016-11-22 03:47:12] my_logger.INFO: Register new user : /register [] []
[2016-11-22 03:48:49] my_logger.INFO: Register new user : () [] []
[2016-11-22 03:49:22] my_logger.INFO: Register new user :  [] []
[2016-11-22 03:49:46] my_logger.INFO: Register new user :  [] []
[2016-11-22 03:50:13] my_logger.INFO: Register new user :  [] []
[2016-11-22 03:50:53] my_logger.INFO: Register new user :  [] []
[2016-11-22 03:51:44] my_logger.INFO: Register new user :  [] []
[2016-11-22 03:52:09] my_logger.INFO: matthew endpoint [] []
[2016-11-22 04:04:15] my_logger.INFO: matthew endpoint [] []
[2016-11-22 04:04:42] my_logger.INFO: Login User [] []
[2016-11-22 04:07:29] my_logger.INFO: Login User [] []
[2016-11-22 04:07:38] my_logger.INFO: Login User [] []
[2016-11-22 04:07:59] my_logger.INFO: Login User [] []
[2016-11-22 04:08:03] my_logger.INFO: Login User [] []
[2016-11-22 04:30:43] my_logger.INFO: Login User [] []
[2016-11-22 04:30:52] my_logger.INFO: Login User [] []
[2016-11-22 04:31:24] my_logger.INFO: Login User [] []
[2016-11-22 04:31:32] my_logger.INFO: Login User [] []
[2016-11-22 04:40:41] my_logger.INFO: Login User [] []
[2016-11-22 04:41:30] my_logger.INFO: Login User [] []
[2016-11-22 04:42:10] my_logger.INFO: Login User [] []
[2016-11-22 04:45:19] my_logger.INFO: Login User [] []
[2016-11-22 04:45:20] my_logger.INFO: Login User [] []
[2016-11-22 04:45:20] my_logger.INFO: Login User [] []
[2016-11-22 04:45:40] my_logger.INFO: Login User [] []
[2016-11-22 04:45:41] my_logger.INFO: Login User [] []
[2016-11-22 04:45:41] my_logger.INFO: Login User [] []
[2016-11-22 04:52:14] my_logger.INFO: Login User [] []
[2016-11-22 04:52:14] my_logger.INFO: Login User [] []
[2016-11-22 04:52:15] my_logger.INFO: Login User [] []
[2016-11-22 04:52:15] my_logger.INFO: Register new user [] []
[2016-11-22 04:52:15] my_logger.INFO: Register new user [] []
[2016-11-22 04:52:15] my_logger.INFO: Register new user [] []
[2016-11-22 04:52:41] my_logger.INFO: Login User [] []
[2016-11-22 04:52:42] my_logger.INFO: Login User [] []
[2016-11-22 04:52:42] my_logger.INFO: Login User [] []
[2016-11-22 04:52:42] my_logger.INFO: Register new user [] []
[2016-11-22 04:52:53] my_logger.INFO: Login User [] []
[2016-11-22 04:52:53] my_logger.INFO: Login User [] []
[2016-11-22 04:52:54] my_logger.INFO: Login User [] []
[2016-11-22 04:52:54] my_logger.INFO: Register new user [] []
[2016-11-22 04:53:16] my_logger.INFO: Login User [] []
[2016-11-22 04:53:17] my_logger.INFO: Login User [] []
[2016-11-22 04:53:17] my_logger.INFO: Login User [] []
[2016-11-22 04:53:17] my_logger.INFO: Register new user [] []
[2016-11-22 04:53:17] my_logger.INFO: Register new user [] []
[2016-11-22 04:54:52] my_logger.INFO: Login User [] []
[2016-11-22 04:54:52] my_logger.INFO: Login User [] []
[2016-11-22 04:54:52] my_logger.INFO: Login User [] []
[2016-11-22 04:54:52] my_logger.INFO: Register new user [] []
[2016-11-22 04:54:53] my_logger.INFO: Register new user [] []
[2016-11-22 04:54:53] my_logger.INFO: Register new user [] []
[2016-11-22 04:55:31] my_logger.INFO: Login User [] []
[2016-11-22 04:55:31] my_logger.INFO: Login User [] []
[2016-11-22 04:55:32] my_logger.INFO: Login User [] []
[2016-11-22 04:55:32] my_logger.INFO: Register new user [] []
[2016-11-22 04:55:32] my_logger.INFO: Register new user [] []
[2016-11-22 04:55:32] my_logger.INFO: Register new user [] []
